#
# There is insufficient memory for the Java Runtime Environment to continue.
# Native memory allocation (mmap) failed to map 13631488 bytes for G1 virtual space
# Possible reasons:
#   The system is out of physical RAM or swap space
#   The process is running with CompressedOops enabled, and the Java Heap may be blocking the growth of the native heap
# Possible solutions:
#   Reduce memory load on the system
#   Increase physical memory or swap space
#   Check if swap backing store is full
#   Decrease Java heap size (-Xmx/-Xms)
#   Decrease number of Java threads
#   Decrease Java thread stack sizes (-Xss)
#   Set larger code cache with -XX:ReservedCodeCacheSize=
#   JVM is running with Unscaled Compressed Oops mode in which the Java heap is
#     placed in the first 4GB address space. The Java Heap base address is the
#     maximum limit for the native heap growth. Please use -XX:HeapBaseMinAddress
#     to set the Java Heap base and to place the Java Heap above 4GB virtual address.
# This output file may be truncated or incomplete.
#
#  Out of Memory Error (./open/src/hotspot/os/windows/os_windows.cpp:3472), pid=10136, tid=12628
#
# JRE version: OpenJDK Runtime Environment (15.0.1+9) (build 15.0.1+9-18)
# Java VM: OpenJDK 64-Bit Server VM (15.0.1+9-18, mixed mode, sharing, tiered, compressed oops, g1 gc, windows-amd64)
# No core dump will be written. Minidumps are not enabled by default on client versions of Windows
#

---------------  S U M M A R Y ------------

Command Line: -XX:TieredStopAtLevel=1 -Xverify:none -Dspring.output.ansi.enabled=always -javaagent:C:\Program Files\JetBrains\IntelliJ IDEA 2020.3\lib\idea_rt.jar=54400:C:\Program Files\JetBrains\IntelliJ IDEA 2020.3\bin -Dcom.sun.management.jmxremote -Dspring.jmx.enabled=true -Dspring.liveBeansView.mbeanDomain -Dspring.application.admin.enabled=true -Dfile.encoding=UTF-8 Snixies.ratingdataservice.RatingDataServiceApplication

Host: Intel(R) Core(TM) i3-5005U CPU @ 2.00GHz, 4 cores, 3G,  Windows 10 , 64 bit Build 19041 (10.0.19041.928)
Time: Wed May 19 13:22:45 2021 West-Europa (zomertijd) elapsed time: 5.564406 seconds (0d 0h 0m 5s)

---------------  T H R E A D  ---------------

Current thread (0x000001c2f9806c00):  VMThread "VM Thread" [stack: 0x000000b1a5300000,0x000000b1a5400000] [id=12628]

Stack: [0x000000b1a5300000,0x000000b1a5400000]
[error occurred during error reporting (printing stack bounds), id 0xc0000005, EXCEPTION_ACCESS_VIOLATION (0xc0000005) at pc=0x000001c2800010ad]

Native frames: (J=compiled Java code, j=interpreted, Vv=VM code, C=native code)
V  [jvm.dll+0x62ae9a]
V  [jvm.dll+0x781389]
V  [jvm.dll+0x782ae3]
V  [jvm.dll+0x7830a5]
V  [jvm.dll+0x78305b]
V  [jvm.dll+0x62a2b9]
V  [jvm.dll+0x62aa88]
C  [ntdll.dll+0xa217f]
C  [ntdll.dll+0x51454]
C  [ntdll.dll+0xa0cae]
C  0x000001c2800010ad

VM_Operation (0x000000b1a4dfbf50): CollectForMetadataAllocation, mode: safepoint, requested by thread 0x000001c2ea4d6f40


---------------  P R O C E S S  ---------------

Threads class SMR info:
_java_thread_list=0x000001c2fa8a23b0, length=12, elements={
0x000001c2ea4d6f40, 0x000001c2f980a490, 0x000001c2f980b060, 0x000001c2f9824630,
0x000001c2f9829010, 0x000001c2f98299d0, 0x000001c2f982b450, 0x000001c2f982dd60,
0x000001c2f9a385b0, 0x000001c2f9bc6500, 0x000001c2f9bc8bd0, 0x000001c2f9daeec0
}

Java Threads: ( => current thread )
  0x000001c2ea4d6f40 JavaThread "main" [_thread_blocked, id=15480, stack(0x000000b1a4d00000,0x000000b1a4e00000)]
  0x000001c2f980a490 JavaThread "Reference Handler" daemon [_thread_blocked, id=10636, stack(0x000000b1a5400000,0x000000b1a5500000)]
  0x000001c2f980b060 JavaThread "Finalizer" daemon [_thread_blocked, id=15204, stack(0x000000b1a5500000,0x000000b1a5600000)]
  0x000001c2f9824630 JavaThread "Signal Dispatcher" daemon [_thread_blocked, id=9656, stack(0x000000b1a5600000,0x000000b1a5700000)]
  0x000001c2f9829010 JavaThread "Attach Listener" daemon [_thread_blocked, id=13272, stack(0x000000b1a5700000,0x000000b1a5800000)]
  0x000001c2f98299d0 JavaThread "Service Thread" daemon [_thread_blocked, id=8932, stack(0x000000b1a5800000,0x000000b1a5900000)]
  0x000001c2f982b450 JavaThread "C1 CompilerThread0" daemon [_thread_blocked, id=5256, stack(0x000000b1a5900000,0x000000b1a5a00000)]
  0x000001c2f982dd60 JavaThread "Sweeper thread" daemon [_thread_blocked, id=16548, stack(0x000000b1a5a00000,0x000000b1a5b00000)]
  0x000001c2f9a385b0 JavaThread "Common-Cleaner" daemon [_thread_blocked, id=3292, stack(0x000000b1a5b00000,0x000000b1a5c00000)]
  0x000001c2f9bc6500 JavaThread "Monitor Ctrl-Break" daemon [_thread_in_native, id=5104, stack(0x000000b1a5c00000,0x000000b1a5d00000)]
  0x000001c2f9bc8bd0 JavaThread "Notification Thread" daemon [_thread_blocked, id=13680, stack(0x000000b1a5d00000,0x000000b1a5e00000)]
  0x000001c2f9daeec0 JavaThread "RMI TCP Accept-0" daemon [_thread_in_native, id=7872, stack(0x000000b1a5e00000,0x000000b1a5f00000)]

Other Threads:
=>0x000001c2f9806c00 VMThread "VM Thread" [stack: 0x000000b1a5300000,0x000000b1a5400000] [id=12628]
  0x000001c2ea4d8070 WatcherThread [stack: 0x000000b1a5f00000,0x000000b1a6000000] [id=1636]
  0x000001c2ea5069f0 GCTaskThread "GC Thread#0" [stack: 0x000000b1a4e00000,0x000000b1a4f00000] [id=1512]
  0x000001c2fa1630b0 GCTaskThread "GC Thread#1" [stack: 0x000000b1a6000000,0x000000b1a6100000] [id=15576]
  0x000001c2fa163a40 GCTaskThread "GC Thread#2" [stack: 0x000000b1a6400000,0x000000b1a6500000] [id=12460]
  0x000001c2fa164d60 GCTaskThread "GC Thread#3" [stack: 0x000000b1a6500000,0x000000b1a6600000] [id=16368]
  0x000001c2ea50f8c0 ConcurrentGCThread "G1 Main Marker" [stack: 0x000000b1a4f00000,0x000000b1a5000000] [id=8400]
  0x000001c2ea5104b0 ConcurrentGCThread "G1 Conc#0" [stack: 0x000000b1a5000000,0x000000b1a5100000] [id=16796]
  0x000001c2ea564150 ConcurrentGCThread "G1 Refine#0" [stack: 0x000000b1a5100000,0x000000b1a5200000] [id=17184]
  0x000001c2fa1fa610 ConcurrentGCThread "G1 Refine#1" [stack: 0x000000b1a6100000,0x000000b1a6200000] [id=13440]
  0x000001c2fa1e9280 ConcurrentGCThread "G1 Refine#2" [stack: 0x000000b1a6200000,0x000000b1a6300000] [id=2236]
  0x000001c2ea564d50 ConcurrentGCThread "G1 Young RemSet Sampling" [stack: 0x000000b1a5200000,0x000000b1a5300000] [id=16316]

Threads with active compile tasks:

VM state: at safepoint (normal execution)

VM Mutex/Monitor currently owned by a thread:  ([mutex/lock_event])
[0x000001c2ea4d21a0] Threads_lock - owner thread: 0x000001c2f9806c00
[0x000001c2ea4d3670] Heap_lock - owner thread: 0x000001c2ea4d6f40

Heap address: 0x00000000c1400000, size: 1004 MB, Compressed Oops mode: 32-bit
CDS archive(s) mapped at: [0x0000000800000000-0x0000000800b50000-0x0000000800b50000), size 11862016, SharedBaseAddress: 0x0000000800000000, ArchiveRelocationMode: 0.
Compressed class space mapped at: 0x0000000800b50000-0x0000000840b50000, size: 1073741824
Narrow klass base: 0x0000000800000000, Narrow klass shift: 3, Narrow klass range: 0x100000000

GC Precious Log:
 CPUs: 4 total, 4 available
 Memory: 4010M
 Large Page Support: Disabled
 NUMA Support: Disabled
 Compressed Oops: Enabled (32-bit)
 Heap Region Size: 1M
 Heap Min Capacity: 8M
 Heap Initial Capacity: 64M
 Heap Max Capacity: 1004M
 Pre-touch: Disabled
 Parallel Workers: 4
 Concurrent Workers: 1
 Concurrent Refinement Workers: 4
 Periodic GC: Disabled

Heap:
 garbage-first heap   total 78848K, used 10417K [0x00000000c1400000, 0x0000000100000000)
  region size 1024K, 4 young (4096K), 4 survivors (4096K)
 Metaspace       used 20913K, capacity 21216K, committed 21248K, reserved 1067008K
  class space    used 2691K, capacity 2806K, committed 2816K, reserved 1048576K

Heap Regions: E=young(eden), S=young(survivor), O=old, HS=humongous(starts), HC=humongous(continues), CS=collection set, F=free, OA=open archive, CA=closed archive, TAMS=top-at-mark-start (previous, next)
|   0|0x00000000c1400000, 0x00000000c1500000, 0x00000000c1500000|100%| O|  |TAMS 0x00000000c1400000, 0x00000000c1500000| Untracked 
|   1|0x00000000c1500000, 0x00000000c1600000, 0x00000000c1600000|100%| O|  |TAMS 0x00000000c1500000, 0x00000000c1600000| Untracked 
|   2|0x00000000c1600000, 0x00000000c1700000, 0x00000000c1700000|100%| O|  |TAMS 0x00000000c1600000, 0x00000000c1700000| Untracked 
|   3|0x00000000c1700000, 0x00000000c1800000, 0x00000000c1800000|100%| O|  |TAMS 0x00000000c1700000, 0x00000000c1800000| Untracked 
|   4|0x00000000c1800000, 0x00000000c1900000, 0x00000000c1900000|100%| O|  |TAMS 0x00000000c1800000, 0x00000000c18c5000| Untracked 
|   5|0x00000000c1900000, 0x00000000c1a00000, 0x00000000c1a00000|100%| O|  |TAMS 0x00000000c1900000, 0x00000000c1900000| Untracked 
|   6|0x00000000c1a00000, 0x00000000c1a86a00, 0x00000000c1b00000| 52%| O|  |TAMS 0x00000000c1a00000, 0x00000000c1a00000| Untracked 
|   7|0x00000000c1b00000, 0x00000000c1b00000, 0x00000000c1c00000|  0%| F|  |TAMS 0x00000000c1b00000, 0x00000000c1b00000| Untracked 
|   8|0x00000000c1c00000, 0x00000000c1c00000, 0x00000000c1d00000|  0%| F|  |TAMS 0x00000000c1c00000, 0x00000000c1c00000| Untracked 
|   9|0x00000000c1d00000, 0x00000000c1d00000, 0x00000000c1e00000|  0%| F|  |TAMS 0x00000000c1d00000, 0x00000000c1d00000| Untracked 
|  10|0x00000000c1e00000, 0x00000000c1e00000, 0x00000000c1f00000|  0%| F|  |TAMS 0x00000000c1e00000, 0x00000000c1e00000| Untracked 
|  11|0x00000000c1f00000, 0x00000000c1f00000, 0x00000000c2000000|  0%| F|  |TAMS 0x00000000c1f00000, 0x00000000c1f00000| Untracked 
|  12|0x00000000c2000000, 0x00000000c2000000, 0x00000000c2100000|  0%| F|  |TAMS 0x00000000c2000000, 0x00000000c2000000| Untracked 
|  13|0x00000000c2100000, 0x00000000c2100000, 0x00000000c2200000|  0%| F|  |TAMS 0x00000000c2100000, 0x00000000c2100000| Untracked 
|  14|0x00000000c2200000, 0x00000000c2200000, 0x00000000c2300000|  0%| F|  |TAMS 0x00000000c2200000, 0x00000000c2200000| Untracked 
|  15|0x00000000c2300000, 0x00000000c2300000, 0x00000000c2400000|  0%| F|  |TAMS 0x00000000c2300000, 0x00000000c2300000| Untracked 
|  16|0x00000000c2400000, 0x00000000c2400000, 0x00000000c2500000|  0%| F|  |TAMS 0x00000000c2400000, 0x00000000c2400000| Untracked 
|  17|0x00000000c2500000, 0x00000000c2500000, 0x00000000c2600000|  0%| F|  |TAMS 0x00000000c2500000, 0x00000000c2500000| Untracked 
|  18|0x00000000c2600000, 0x00000000c2600000, 0x00000000c2700000|  0%| F|  |TAMS 0x00000000c2600000, 0x00000000c2600000| Untracked 
|  19|0x00000000c2700000, 0x00000000c2700000, 0x00000000c2800000|  0%| F|  |TAMS 0x00000000c2700000, 0x00000000c2700000| Untracked 
|  20|0x00000000c2800000, 0x00000000c2800000, 0x00000000c2900000|  0%| F|  |TAMS 0x00000000c2800000, 0x00000000c2800000| Untracked 
|  21|0x00000000c2900000, 0x00000000c2900000, 0x00000000c2a00000|  0%| F|  |TAMS 0x00000000c2900000, 0x00000000c2900000| Untracked 
|  22|0x00000000c2a00000, 0x00000000c2a00000, 0x00000000c2b00000|  0%| F|  |TAMS 0x00000000c2a00000, 0x00000000c2a00000| Untracked 
|  23|0x00000000c2b00000, 0x00000000c2b00000, 0x00000000c2c00000|  0%| F|  |TAMS 0x00000000c2b00000, 0x00000000c2b00000| Untracked 
|  24|0x00000000c2c00000, 0x00000000c2c00000, 0x00000000c2d00000|  0%| F|  |TAMS 0x00000000c2c00000, 0x00000000c2c00000| Untracked 
|  25|0x00000000c2d00000, 0x00000000c2d00000, 0x00000000c2e00000|  0%| F|  |TAMS 0x00000000c2d00000, 0x00000000c2d00000| Untracked 
|  26|0x00000000c2e00000, 0x00000000c2e00000, 0x00000000c2f00000|  0%| F|  |TAMS 0x00000000c2e00000, 0x00000000c2e00000| Untracked 
|  27|0x00000000c2f00000, 0x00000000c2f00000, 0x00000000c3000000|  0%| F|  |TAMS 0x00000000c2f00000, 0x00000000c2f00000| Untracked 
|  28|0x00000000c3000000, 0x00000000c3000000, 0x00000000c3100000|  0%| F|  |TAMS 0x00000000c3000000, 0x00000000c3000000| Untracked 
|  29|0x00000000c3100000, 0x00000000c3100000, 0x00000000c3200000|  0%| F|  |TAMS 0x00000000c3100000, 0x00000000c3100000| Untracked 
|  30|0x00000000c3200000, 0x00000000c3200000, 0x00000000c3300000|  0%| F|  |TAMS 0x00000000c3200000, 0x00000000c3200000| Untracked 
|  31|0x00000000c3300000, 0x00000000c3300000, 0x00000000c3400000|  0%| F|  |TAMS 0x00000000c3300000, 0x00000000c3300000| Untracked 
|  32|0x00000000c3400000, 0x00000000c3400000, 0x00000000c3500000|  0%| F|  |TAMS 0x00000000c3400000, 0x00000000c3400000| Untracked 
|  33|0x00000000c3500000, 0x00000000c3500000, 0x00000000c3600000|  0%| F|  |TAMS 0x00000000c3500000, 0x00000000c3500000| Untracked 
|  34|0x00000000c3600000, 0x00000000c3600000, 0x00000000c3700000|  0%| F|  |TAMS 0x00000000c3600000, 0x00000000c3600000| Untracked 
|  35|0x00000000c3700000, 0x00000000c3700000, 0x00000000c3800000|  0%| F|  |TAMS 0x00000000c3700000, 0x00000000c3700000| Untracked 
|  36|0x00000000c3800000, 0x00000000c3800000, 0x00000000c3900000|  0%| F|  |TAMS 0x00000000c3800000, 0x00000000c3800000| Untracked 
|  37|0x00000000c3900000, 0x00000000c3900000, 0x00000000c3a00000|  0%| F|  |TAMS 0x00000000c3900000, 0x00000000c3900000| Untracked 
|  38|0x00000000c3a00000, 0x00000000c3a00000, 0x00000000c3b00000|  0%| F|  |TAMS 0x00000000c3a00000, 0x00000000c3a00000| Untracked 
|  39|0x00000000c3b00000, 0x00000000c3b00000, 0x00000000c3c00000|  0%| F|  |TAMS 0x00000000c3b00000, 0x00000000c3b00000| Untracked 
|  40|0x00000000c3c00000, 0x00000000c3c00000, 0x00000000c3d00000|  0%| F|  |TAMS 0x00000000c3c00000, 0x00000000c3c00000| Untracked 
|  41|0x00000000c3d00000, 0x00000000c3d00000, 0x00000000c3e00000|  0%| F|  |TAMS 0x00000000c3d00000, 0x00000000c3d00000| Untracked 
|  42|0x00000000c3e00000, 0x00000000c3e00000, 0x00000000c3f00000|  0%| F|  |TAMS 0x00000000c3e00000, 0x00000000c3e00000| Untracked 
|  43|0x00000000c3f00000, 0x00000000c3fa5a80, 0x00000000c4000000| 64%| S|CS|TAMS 0x00000000c3f00000, 0x00000000c3f00000| Complete 
|  44|0x00000000c4000000, 0x00000000c4100000, 0x00000000c4100000|100%| S|CS|TAMS 0x00000000c4000000, 0x00000000c4000000| Complete 
|  45|0x00000000c4100000, 0x00000000c4200000, 0x00000000c4200000|100%| S|CS|TAMS 0x00000000c4100000, 0x00000000c4100000| Complete 
|  46|0x00000000c4200000, 0x00000000c4300000, 0x00000000c4300000|100%| S|CS|TAMS 0x00000000c4200000, 0x00000000c4200000| Complete 
|  47|0x00000000c4300000, 0x00000000c4300000, 0x00000000c4400000|  0%| F|  |TAMS 0x00000000c4300000, 0x00000000c4300000| Untracked 
|  48|0x00000000c4400000, 0x00000000c4400000, 0x00000000c4500000|  0%| F|  |TAMS 0x00000000c4400000, 0x00000000c4400000| Untracked 
|  49|0x00000000c4500000, 0x00000000c4500000, 0x00000000c4600000|  0%| F|  |TAMS 0x00000000c4500000, 0x00000000c4500000| Untracked 
|  50|0x00000000c4600000, 0x00000000c4600000, 0x00000000c4700000|  0%| F|  |TAMS 0x00000000c4600000, 0x00000000c4600000| Untracked 
|  51|0x00000000c4700000, 0x00000000c4700000, 0x00000000c4800000|  0%| F|  |TAMS 0x00000000c4700000, 0x00000000c4700000| Untracked 
|  52|0x00000000c4800000, 0x00000000c4800000, 0x00000000c4900000|  0%| F|  |TAMS 0x00000000c4800000, 0x00000000c4800000| Untracked 
|  53|0x00000000c4900000, 0x00000000c4900000, 0x00000000c4a00000|  0%| F|  |TAMS 0x00000000c4900000, 0x00000000c4900000| Untracked 
|  54|0x00000000c4a00000, 0x00000000c4a00000, 0x00000000c4b00000|  0%| F|  |TAMS 0x00000000c4a00000, 0x00000000c4a00000| Untracked 
|  55|0x00000000c4b00000, 0x00000000c4b00000, 0x00000000c4c00000|  0%| F|  |TAMS 0x00000000c4b00000, 0x00000000c4b00000| Untracked 
|  56|0x00000000c4c00000, 0x00000000c4c00000, 0x00000000c4d00000|  0%| F|  |TAMS 0x00000000c4c00000, 0x00000000c4c00000| Untracked 
|  57|0x00000000c4d00000, 0x00000000c4d00000, 0x00000000c4e00000|  0%| F|  |TAMS 0x00000000c4d00000, 0x00000000c4d00000| Untracked 
|  58|0x00000000c4e00000, 0x00000000c4e00000, 0x00000000c4f00000|  0%| F|  |TAMS 0x00000000c4e00000, 0x00000000c4e00000| Untracked 
|  59|0x00000000c4f00000, 0x00000000c4f00000, 0x00000000c5000000|  0%| F|  |TAMS 0x00000000c4f00000, 0x00000000c4f00000| Untracked 
|  60|0x00000000c5000000, 0x00000000c5000000, 0x00000000c5100000|  0%| F|  |TAMS 0x00000000c5000000, 0x00000000c5000000| Untracked 
|  61|0x00000000c5100000, 0x00000000c5100000, 0x00000000c5200000|  0%| F|  |TAMS 0x00000000c5100000, 0x00000000c5100000| Untracked 
|  62|0x00000000c5200000, 0x00000000c5200000, 0x00000000c5300000|  0%| F|  |TAMS 0x00000000c5200000, 0x00000000c5200000| Untracked 
|  63|0x00000000c5300000, 0x00000000c5300000, 0x00000000c5400000|  0%| F|  |TAMS 0x00000000c5300000, 0x00000000c5300000| Untracked 

Card table byte_map: [0x000001c2f4700000,0x000001c2f4900000] _byte_map_base: 0x000001c2f40f6000

Marking Bits (Prev, Next): (CMBitMap*) 0x000001c2ea5071e0, (CMBitMap*) 0x000001c2ea507220
 Prev Bits: [0x000001c2f4b00000, 0x000001c2f5ab0000)
 Next Bits: [0x000001c2f5ab0000, 0x000001c2f6a60000)

Polling page: 0x000001c2ea360000

Metaspace:

Usage:
  Non-class:     17.98 MB capacity,    17.79 MB ( 99%) used,   153.00 KB ( <1%) free+waste,    35.00 KB ( <1%) overhead. 
      Class:      2.74 MB capacity,     2.63 MB ( 96%) used,    99.46 KB (  4%) free+waste,    15.06 KB ( <1%) overhead. 
       Both:     20.72 MB capacity,    20.42 MB ( 99%) used,   252.46 KB (  1%) free+waste,    50.06 KB ( <1%) overhead. 

Virtual space:
  Non-class space:       18.00 MB reserved,      18.00 MB (100%) committed 
      Class space:        1.00 GB reserved,       2.75 MB ( <1%) committed 
             Both:        1.02 GB reserved,      20.75 MB (  2%) committed 

Chunk freelists:
   Non-Class:  22.00 KB
       Class:  10.00 KB
        Both:  32.00 KB

MaxMetaspaceSize: 17179869184.00 GB
CompressedClassSpaceSize: 1.00 GB

CodeHeap 'non-profiled nmethods': size=238912Kb used=4230Kb max_used=4230Kb free=234681Kb
 bounds [0x000001c2806b0000, 0x000001c280ae0000, 0x000001c28f000000]
CodeHeap 'non-nmethods': size=6848Kb used=1212Kb max_used=1212Kb free=5635Kb
 bounds [0x000001c280000000, 0x000001c280270000, 0x000001c2806b0000]
 total_blobs=3283 nmethods=2801 adapters=409
 compilation: enabled
              stopped_count=0, restarted_count=0
 full_count=0

Compilation events (20 events):
Event: 5.342 Thread 0x000001c2f982b450 2790       1       java.lang.Character::isLetter (18 bytes)
Event: 5.343 Thread 0x000001c2f982b450 nmethod 2790 0x000001c280ace690 code [0x000001c280ace840, 0x000001c280ace938]
Event: 5.354 Thread 0x000001c2f982b450 2792       1       java.net.URI$Parser::checkChars (44 bytes)
Event: 5.356 Thread 0x000001c2f982b450 nmethod 2792 0x000001c280acea10 code [0x000001c280acec00, 0x000001c280acefe8]
Event: 5.359 Thread 0x000001c2f982b450 2793       1       java.util.jar.JarFile::match (132 bytes)
Event: 5.361 Thread 0x000001c2f982b450 nmethod 2793 0x000001c280acf210 code [0x000001c280acf3c0, 0x000001c280acf5d8]
Event: 5.371 Thread 0x000001c2f982b450 2794       1       sun.nio.fs.NativeBuffer::setOwner (6 bytes)
Event: 5.371 Thread 0x000001c2f982b450 nmethod 2794 0x000001c280acf810 code [0x000001c280acf9a0, 0x000001c280acfa98]
Event: 5.371 Thread 0x000001c2f982b450 2795       1       sun.nio.fs.NativeBuffer::size (5 bytes)
Event: 5.372 Thread 0x000001c2f982b450 nmethod 2795 0x000001c280acfb10 code [0x000001c280acfca0, 0x000001c280acfd58]
Event: 5.379 Thread 0x000001c2f982b450 2796       1       java.nio.DirectLongBufferU::ix (10 bytes)
Event: 5.379 Thread 0x000001c2f982b450 nmethod 2796 0x000001c280acfe10 code [0x000001c280acffa0, 0x000001c280ad0078]
Event: 5.387 Thread 0x000001c2f982b450 2798       1       java.net.URI$Parser::scan (41 bytes)
Event: 5.388 Thread 0x000001c2f982b450 nmethod 2798 0x000001c280ad0510 code [0x000001c280ad06e0, 0x000001c280ad09b8]
Event: 5.389 Thread 0x000001c2f982b450 2799       1       java.net.URI::getScheme (5 bytes)
Event: 5.389 Thread 0x000001c2f982b450 nmethod 2799 0x000001c280ad0c90 code [0x000001c280ad0e20, 0x000001c280ad0ed8]
Event: 5.389 Thread 0x000001c2f982b450 2800       1       java.lang.Runtime$Version::feature (17 bytes)
Event: 5.390 Thread 0x000001c2f982b450 nmethod 2800 0x000001c280ad0f90 code [0x000001c280ad1140, 0x000001c280ad1268]
Event: 5.396 Thread 0x000001c2f982b450 2801       1       java.lang.Package$VersionInfo::<init> (44 bytes)
Event: 5.397 Thread 0x000001c2f982b450 nmethod 2801 0x000001c280ad1310 code [0x000001c280ad14c0, 0x000001c280ad1818]

GC Heap History (9 events):
Event: 1.732 GC heap before
{Heap before GC invocations=0 (full 0):
 garbage-first heap   total 65536K, used 12288K [0x00000000c1400000, 0x0000000100000000)
  region size 1024K, 13 young (13312K), 0 survivors (0K)
 Metaspace       used 5923K, capacity 6073K, committed 6144K, reserved 1056768K
  class space    used 692K, capacity 738K, committed 768K, reserved 1048576K
}
Event: 1.746 GC heap after
{Heap after GC invocations=1 (full 0):
 garbage-first heap   total 65536K, used 4582K [0x00000000c1400000, 0x0000000100000000)
  region size 1024K, 2 young (2048K), 2 survivors (2048K)
 Metaspace       used 5923K, capacity 6073K, committed 6144K, reserved 1056768K
  class space    used 692K, capacity 738K, committed 768K, reserved 1048576K
}
Event: 2.123 GC heap before
{Heap before GC invocations=1 (full 0):
 garbage-first heap   total 65536K, used 10726K [0x00000000c1400000, 0x0000000100000000)
  region size 1024K, 8 young (8192K), 2 survivors (2048K)
 Metaspace       used 7565K, capacity 7768K, committed 7936K, reserved 1056768K
  class space    used 918K, capacity 981K, committed 1024K, reserved 1048576K
}
Event: 2.131 GC heap after
{Heap after GC invocations=2 (full 0):
 garbage-first heap   total 65536K, used 5473K [0x00000000c1400000, 0x0000000100000000)
  region size 1024K, 1 young (1024K), 1 survivors (1024K)
 Metaspace       used 7565K, capacity 7768K, committed 7936K, reserved 1056768K
  class space    used 918K, capacity 981K, committed 1024K, reserved 1048576K
}
Event: 3.047 GC heap before
{Heap before GC invocations=2 (full 0):
 garbage-first heap   total 65536K, used 28001K [0x00000000c1400000, 0x0000000100000000)
  region size 1024K, 23 young (23552K), 1 survivors (1024K)
 Metaspace       used 12797K, capacity 13090K, committed 13312K, reserved 1060864K
  class space    used 1632K, capacity 1729K, committed 1792K, reserved 1048576K
}
Event: 3.060 GC heap after
{Heap after GC invocations=3 (full 0):
 garbage-first heap   total 65536K, used 6793K [0x00000000c1400000, 0x0000000100000000)
  region size 1024K, 2 young (2048K), 2 survivors (2048K)
 Metaspace       used 12797K, capacity 13090K, committed 13312K, reserved 1060864K
  class space    used 1632K, capacity 1729K, committed 1792K, reserved 1048576K
}
Event: 4.845 GC heap before
{Heap before GC invocations=3 (full 0):
 garbage-first heap   total 65536K, used 39561K [0x00000000c1400000, 0x0000000100000000)
  region size 1024K, 34 young (34816K), 2 survivors (2048K)
 Metaspace       used 17889K, capacity 18222K, committed 18432K, reserved 1064960K
  class space    used 2335K, capacity 2449K, committed 2560K, reserved 1048576K
}
Event: 4.856 GC heap after
{Heap after GC invocations=4 (full 0):
 garbage-first heap   total 65536K, used 8863K [0x00000000c1400000, 0x0000000100000000)
  region size 1024K, 4 young (4096K), 4 survivors (4096K)
 Metaspace       used 17889K, capacity 18222K, committed 18432K, reserved 1064960K
  class space    used 2335K, capacity 2449K, committed 2560K, reserved 1048576K
}
Event: 5.431 GC heap before
{Heap before GC invocations=4 (full 0):
 garbage-first heap   total 65536K, used 25247K [0x00000000c1400000, 0x0000000100000000)
  region size 1024K, 21 young (21504K), 4 survivors (4096K)
 Metaspace       used 20913K, capacity 21216K, committed 21248K, reserved 1067008K
  class space    used 2691K, capacity 2806K, committed 2816K, reserved 1048576K
}

Deoptimization events (0 events):
No events

Classes unloaded (0 events):
No events

Classes redefined (0 events):
No events

Internal exceptions (20 events):
Event: 3.303 Thread 0x000001c2ea4d6f40 Exception <a 'java/lang/ClassNotFoundException'{0x00000000c4fc0860}: org/springframework/context/ResourceLoaderAwareCustomizer> (0x00000000c4fc0860) 
thrown [./open/src/hotspot/share/classfile/systemDictionary.cpp, line 295]
Event: 3.304 Thread 0x000001c2ea4d6f40 Exception <a 'java/lang/ClassNotFoundException'{0x00000000c4fc43b0}: org/springframework/beans/factory/AwareCustomizer> (0x00000000c4fc43b0) 
thrown [./open/src/hotspot/share/classfile/systemDictionary.cpp, line 295]
Event: 3.305 Thread 0x000001c2ea4d6f40 Exception <a 'java/lang/ClassNotFoundException'{0x00000000c4fc6e58}: org/springframework/context/ApplicationStartupAwareCustomizer> (0x00000000c4fc6e58) 
thrown [./open/src/hotspot/share/classfile/systemDictionary.cpp, line 295]
Event: 3.305 Thread 0x000001c2ea4d6f40 Exception <a 'java/lang/ClassNotFoundException'{0x00000000c4fcac20}: org/springframework/beans/factory/AwareCustomizer> (0x00000000c4fcac20) 
thrown [./open/src/hotspot/share/classfile/systemDictionary.cpp, line 295]
Event: 3.306 Thread 0x000001c2ea4d6f40 Exception <a 'java/lang/ClassNotFoundException'{0x00000000c4fcd640}: org/springframework/beans/factory/BeanClassLoaderAwareCustomizer> (0x00000000c4fcd640) 
thrown [./open/src/hotspot/share/classfile/systemDictionary.cpp, line 295]
Event: 3.307 Thread 0x000001c2ea4d6f40 Exception <a 'java/lang/ClassNotFoundException'{0x00000000c4fd11a8}: org/springframework/beans/factory/AwareCustomizer> (0x00000000c4fd11a8) 
thrown [./open/src/hotspot/share/classfile/systemDictionary.cpp, line 295]
Event: 3.308 Thread 0x000001c2ea4d6f40 Exception <a 'java/lang/ClassNotFoundException'{0x00000000c4fd3ab8}: org/springframework/context/EnvironmentAwareCustomizer> (0x00000000c4fd3ab8) 
thrown [./open/src/hotspot/share/classfile/systemDictionary.cpp, line 295]
Event: 3.310 Thread 0x000001c2ea4d6f40 Exception <a 'java/lang/ClassNotFoundException'{0x00000000c4fd7598}: org/springframework/beans/factory/AwareCustomizer> (0x00000000c4fd7598) 
thrown [./open/src/hotspot/share/classfile/systemDictionary.cpp, line 295]
Event: 3.610 Thread 0x000001c2ea4d6f40 Exception <a 'java/lang/IncompatibleClassChangeError'{0x00000000c493f160}: Found class java.lang.Object, but interface was expected> (0x00000000c493f160) 
thrown [./open/src/hotspot/share/interpreter/linkResolver.cpp, line 848]
Event: 3.694 Thread 0x000001c2ea4d6f40 Exception <a 'java/lang/NoSuchMethodError'{0x00000000c489c9e0}: 'void java.lang.invoke.DirectMethodHandle$Holder.invokeInterface(java.lang.Object, java.lang.Object, java.lang.Object, java.lang.Object)'> (0x00000000c489c9e0) 
thrown [./open/src/hotspot/share/interpreter/linkResolver.cpp, line 782]
Event: 3.922 Thread 0x000001c2ea4d6f40 Exception <a 'java/lang/NoSuchMethodError'{0x00000000c44dded8}: 'java.lang.Object java.lang.invoke.DirectMethodHandle$Holder.invokeStatic(java.lang.Object, java.lang.Object, int)'> (0x00000000c44dded8) 
thrown [./open/src/hotspot/share/interpreter/linkResolver.cpp, line 782]
Event: 3.924 Thread 0x000001c2ea4d6f40 Exception <a 'java/lang/NoSuchMethodError'{0x00000000c44e9cd0}: 'void java.lang.invoke.DelegatingMethodHandle$Holder.delegate(java.lang.Object, java.lang.Object, int, java.lang.Object)'> (0x00000000c44e9cd0) 
thrown [./open/src/hotspot/share/interpreter/linkResolver.cpp, line 782]
Event: 4.777 Thread 0x000001c2ea4d6f40 Exception <a 'java/lang/NoSuchMethodError'{0x00000000c33a2780}: 'void java.lang.invoke.DirectMethodHandle$Holder.invokeSpecial(java.lang.Object, java.lang.Object, java.lang.Object, java.lang.Object, java.lang.Object, java.lang.Object)'> (0x00000000c33a2780) 
thrown [./open/src/hotspot/share/interpreter/linkResolver.cpp, line 782]
Event: 4.842 Thread 0x000001c2ea4d6f40 Exception <a 'java/lang/NoSuchMethodError'{0x00000000c32ebfc0}: 'int java.lang.invoke.DirectMethodHandle$Holder.invokeSpecial(java.lang.Object, java.lang.Object, java.lang.Object, java.lang.Object, java.lang.Object)'> (0x00000000c32ebfc0) 
thrown [./open/src/hotspot/share/interpreter/linkResolver.cpp, line 782]
Event: 4.934 Thread 0x000001c2ea4d6f40 Exception <a 'java/lang/NoSuchMethodError'{0x00000000c51970d0}: 'void java.lang.invoke.DirectMethodHandle$Holder.invokeInterface(java.lang.Object, java.lang.Object, int)'> (0x00000000c51970d0) 
thrown [./open/src/hotspot/share/interpreter/linkResolver.cpp, line 782]
Event: 4.936 Thread 0x000001c2ea4d6f40 Exception <a 'java/lang/NoSuchMethodError'{0x00000000c51b25f0}: 'int java.lang.invoke.DirectMethodHandle$Holder.invokeVirtual(java.lang.Object, java.lang.Object)'> (0x00000000c51b25f0) 
thrown [./open/src/hotspot/share/interpreter/linkResolver.cpp, line 782]
Event: 4.941 Thread 0x000001c2ea4d6f40 Exception <a 'java/lang/IncompatibleClassChangeError'{0x00000000c51f0420}: Found class java.lang.Object, but interface was expected> (0x00000000c51f0420) 
thrown [./open/src/hotspot/share/interpreter/linkResolver.cpp, line 848]
Event: 4.942 Thread 0x000001c2ea4d6f40 Exception <a 'java/lang/NoSuchMethodError'{0x00000000c51f5b08}: 'void java.lang.invoke.DirectMethodHandle$Holder.invokeStatic(java.lang.Object, int, java.lang.Object)'> (0x00000000c51f5b08) 
thrown [./open/src/hotspot/share/interpreter/linkResolver.cpp, line 782]
Event: 4.948 Thread 0x000001c2ea4d6f40 Exception <a 'java/lang/NoSuchMethodError'{0x00000000c50262d8}: 'int java.lang.invoke.DirectMethodHandle$Holder.invokeSpecial(java.lang.Object, java.lang.Object, int)'> (0x00000000c50262d8) 
thrown [./open/src/hotspot/share/interpreter/linkResolver.cpp, line 782]
Event: 5.348 Thread 0x000001c2ea4d6f40 Exception <a 'java/io/FileNotFoundException'{0x00000000c444e258}> (0x00000000c444e258) 
thrown [./open/src/hotspot/share/prims/jni.cpp, line 578]

Events (20 events):
Event: 5.297 loading class java/util/stream/Node$OfPrimitive
Event: 5.304 loading class java/util/stream/Node$OfPrimitive done
Event: 5.304 loading class java/util/stream/Node$OfInt done
Event: 5.304 loading class java/util/stream/Nodes$EmptyNode$OfInt done
Event: 5.304 loading class java/util/stream/Nodes$EmptyNode$OfLong
Event: 5.304 loading class java/util/stream/Node$OfLong
Event: 5.304 loading class java/util/stream/Node$OfLong done
Event: 5.304 loading class java/util/stream/Nodes$EmptyNode$OfLong done
Event: 5.304 loading class java/util/stream/Nodes$EmptyNode$OfDouble
Event: 5.304 loading class java/util/stream/Node$OfDouble
Event: 5.311 loading class java/util/stream/Node$OfDouble done
Event: 5.311 loading class java/util/stream/Nodes$EmptyNode$OfDouble done
Event: 5.311 loading class java/util/stream/Nodes$FixedNodeBuilder
Event: 5.319 loading class java/util/stream/Node$Builder
Event: 5.319 loading class java/util/stream/Node$Builder done
Event: 5.319 loading class java/util/stream/Nodes$ArrayNode
Event: 5.328 loading class java/util/stream/Nodes$ArrayNode done
Event: 5.328 loading class java/util/stream/Nodes$FixedNodeBuilder done
Event: 5.384 Loaded shared library C:\Users\Mikel\.jdks\openjdk-15.0.1\bin\java.dll
Event: 5.430 Executing VM operation: CollectForMetadataAllocation


Dynamic libraries:
0x00007ff64f770000 - 0x00007ff64f77d000 	C:\Users\Mikel\.jdks\openjdk-15.0.1\bin\java.exe
0x00007ffd8b330000 - 0x00007ffd8b525000 	C:\WINDOWS\SYSTEM32\ntdll.dll
0x00007ffd8b230000 - 0x00007ffd8b2ed000 	C:\WINDOWS\System32\KERNEL32.DLL
0x00007ffd88de0000 - 0x00007ffd890a8000 	C:\WINDOWS\System32\KERNELBASE.dll
0x00007ffd88af0000 - 0x00007ffd88bf0000 	C:\WINDOWS\System32\ucrtbase.dll
0x00007ffd62ac0000 - 0x00007ffd62ad8000 	C:\Users\Mikel\.jdks\openjdk-15.0.1\bin\jli.dll
0x00007ffd89b50000 - 0x00007ffd89cf0000 	C:\WINDOWS\System32\USER32.dll
0x00007ffd88ac0000 - 0x00007ffd88ae2000 	C:\WINDOWS\System32\win32u.dll
0x00007ffd89390000 - 0x00007ffd893ba000 	C:\WINDOWS\System32\GDI32.dll
0x00007ffd88cd0000 - 0x00007ffd88ddb000 	C:\WINDOWS\System32\gdi32full.dll
0x00007ffd892f0000 - 0x00007ffd8938d000 	C:\WINDOWS\System32\msvcp_win.dll
0x00007ffd62aa0000 - 0x00007ffd62ab9000 	C:\Users\Mikel\.jdks\openjdk-15.0.1\bin\VCRUNTIME140.dll
0x00007ffd73a70000 - 0x00007ffd73d0a000 	C:\WINDOWS\WinSxS\amd64_microsoft.windows.common-controls_6595b64144ccf1df_6.0.19041.844_none_ca00b6081b84eb1d\COMCTL32.dll
0x00007ffd8a550000 - 0x00007ffd8a5ee000 	C:\WINDOWS\System32\msvcrt.dll
0x00007ffd8a2b0000 - 0x00007ffd8a2e0000 	C:\WINDOWS\System32\IMM32.DLL
0x00007ffd74570000 - 0x00007ffd7457c000 	C:\Users\Mikel\.jdks\openjdk-15.0.1\bin\vcruntime140_1.dll
0x00007ffd593e0000 - 0x00007ffd59471000 	C:\Users\Mikel\.jdks\openjdk-15.0.1\bin\msvcp140.dll
0x00007ffd08930000 - 0x00007ffd0948e000 	C:\Users\Mikel\.jdks\openjdk-15.0.1\bin\server\jvm.dll
0x00007ffd8a2f0000 - 0x00007ffd8a39c000 	C:\WINDOWS\System32\ADVAPI32.dll
0x00007ffd8a6c0000 - 0x00007ffd8a75b000 	C:\WINDOWS\System32\sechost.dll
0x00007ffd895b0000 - 0x00007ffd896db000 	C:\WINDOWS\System32\RPCRT4.dll
0x00007ffd8a2e0000 - 0x00007ffd8a2e8000 	C:\WINDOWS\System32\PSAPI.DLL
0x00007ffd6df50000 - 0x00007ffd6df59000 	C:\WINDOWS\SYSTEM32\WSOCK32.dll
0x00007ffd8b110000 - 0x00007ffd8b17b000 	C:\WINDOWS\System32\WS2_32.dll
0x00007ffd7bbc0000 - 0x00007ffd7bbe7000 	C:\WINDOWS\SYSTEM32\WINMM.dll
0x00007ffd84260000 - 0x00007ffd8426a000 	C:\WINDOWS\SYSTEM32\VERSION.dll
0x00007ffd86980000 - 0x00007ffd86992000 	C:\WINDOWS\SYSTEM32\kernel.appcore.dll
0x00007ffd719d0000 - 0x00007ffd719da000 	C:\Users\Mikel\.jdks\openjdk-15.0.1\bin\jimage.dll
0x00007ffd79720000 - 0x00007ffd79904000 	C:\WINDOWS\SYSTEM32\DBGHELP.DLL
0x00007ffd796f0000 - 0x00007ffd7971c000 	C:\WINDOWS\SYSTEM32\dbgcore.DLL
0x00007ffd88bf0000 - 0x00007ffd88c70000 	C:\WINDOWS\System32\bcryptPrimitives.dll
0x00007ffd6b880000 - 0x00007ffd6b88e000 	C:\Users\Mikel\.jdks\openjdk-15.0.1\bin\instrument.dll
0x00007ffd62a20000 - 0x00007ffd62a45000 	C:\Users\Mikel\.jdks\openjdk-15.0.1\bin\java.dll
0x00007ffd8a9c0000 - 0x00007ffd8b102000 	C:\WINDOWS\System32\SHELL32.dll
0x00007ffd86b80000 - 0x00007ffd87310000 	C:\WINDOWS\SYSTEM32\windows.storage.dll
0x00007ffd89e00000 - 0x00007ffd8a155000 	C:\WINDOWS\System32\combase.dll
0x00007ffd884e0000 - 0x00007ffd8850c000 	C:\WINDOWS\SYSTEM32\Wldp.dll
0x00007ffd89cf0000 - 0x00007ffd89d9e000 	C:\WINDOWS\System32\SHCORE.dll
0x00007ffd8a660000 - 0x00007ffd8a6b5000 	C:\WINDOWS\System32\shlwapi.dll
0x00007ffd889b0000 - 0x00007ffd889cf000 	C:\WINDOWS\SYSTEM32\profapi.dll
0x00007ffd62990000 - 0x00007ffd629a8000 	C:\Users\Mikel\.jdks\openjdk-15.0.1\bin\zip.dll
0x00007ffd62a00000 - 0x00007ffd62a19000 	C:\Users\Mikel\.jdks\openjdk-15.0.1\bin\net.dll
0x00007ffd7afc0000 - 0x00007ffd7b0cb000 	C:\WINDOWS\SYSTEM32\WINHTTP.dll
0x00007ffd88230000 - 0x00007ffd8829a000 	C:\WINDOWS\system32\mswsock.dll
0x00007ffd629b0000 - 0x00007ffd629c2000 	C:\Users\Mikel\.jdks\openjdk-15.0.1\bin\nio.dll
0x00007ffd62970000 - 0x00007ffd6298a000 	C:\Program Files\JetBrains\IntelliJ IDEA 2020.3\bin\breakgen64.dll
0x00007ffd87f10000 - 0x00007ffd87fdc000 	C:\WINDOWS\SYSTEM32\DNSAPI.dll
0x00007ffd87ed0000 - 0x00007ffd87f0b000 	C:\WINDOWS\SYSTEM32\IPHLPAPI.DLL
0x00007ffd8a650000 - 0x00007ffd8a658000 	C:\WINDOWS\System32\NSI.dll
0x00007ffd761b0000 - 0x00007ffd761ba000 	C:\Windows\System32\rasadhlp.dll
0x00007ffd7c450000 - 0x00007ffd7c4cf000 	C:\WINDOWS\System32\fwpuclnt.dll
0x00007ffd892c0000 - 0x00007ffd892e7000 	C:\WINDOWS\System32\bcrypt.dll
0x00007ffd629f0000 - 0x00007ffd629f9000 	C:\Users\Mikel\.jdks\openjdk-15.0.1\bin\management.dll
0x00007ffd62900000 - 0x00007ffd6290b000 	C:\Users\Mikel\.jdks\openjdk-15.0.1\bin\management_ext.dll
0x00007ffd88420000 - 0x00007ffd88438000 	C:\WINDOWS\SYSTEM32\CRYPTSP.dll
0x00007ffd87b40000 - 0x00007ffd87b74000 	C:\WINDOWS\system32\rsaenh.dll
0x00007ffd88930000 - 0x00007ffd8895e000 	C:\WINDOWS\SYSTEM32\USERENV.dll
0x00007ffd88440000 - 0x00007ffd8844c000 	C:\WINDOWS\SYSTEM32\CRYPTBASE.dll
0x00007ffd7e000000 - 0x00007ffd7e017000 	C:\WINDOWS\SYSTEM32\dhcpcsvc6.DLL
0x00007ffd7e820000 - 0x00007ffd7e83d000 	C:\WINDOWS\SYSTEM32\dhcpcsvc.DLL
0x00007ffd69a10000 - 0x00007ffd69a27000 	C:\WINDOWS\system32\napinsp.dll
0x00007ffd69870000 - 0x00007ffd6988b000 	C:\WINDOWS\system32\pnrpnsp.dll
0x00007ffd73ed0000 - 0x00007ffd73ee5000 	C:\WINDOWS\system32\wshbth.dll
0x00007ffd84400000 - 0x00007ffd8441d000 	C:\WINDOWS\system32\NLAapi.dll
0x00007ffd69850000 - 0x00007ffd69862000 	C:\WINDOWS\System32\winrnr.dll

dbghelp: loaded successfully - version: 4.0.5 - missing functions: none
symbol engine: initialized successfully - sym options: 0x614 - pdb path: .;C:\Users\Mikel\.jdks\openjdk-15.0.1\bin;C:\WINDOWS\SYSTEM32;C:\WINDOWS\WinSxS\amd64_microsoft.windows.common-controls_6595b64144ccf1df_6.0.19041.844_none_ca00b6081b84eb1d;C:\Users\Mikel\.jdks\openjdk-15.0.1\bin\server;C:\Program Files\JetBrains\IntelliJ IDEA 2020.3\bin

VM Arguments:
jvm_args: -XX:TieredStopAtLevel=1 -Xverify:none -Dspring.output.ansi.enabled=always -javaagent:C:\Program Files\JetBrains\IntelliJ IDEA 2020.3\lib\idea_rt.jar=54400:C:\Program Files\JetBrains\IntelliJ IDEA 2020.3\bin -Dcom.sun.management.jmxremote -Dspring.jmx.enabled=true -Dspring.liveBeansView.mbeanDomain -Dspring.application.admin.enabled=true -Dfile.encoding=UTF-8 
java_command: Snixies.ratingdataservice.RatingDataServiceApplication
java_class_path (initial): C:\Users\Mikel\IdeaProjects\rating-data-service\target\classes;C:\Users\Mikel\.m2\repository\org\springframework\boot\spring-boot-starter-web\2.4.5\spring-boot-starter-web-2.4.5.jar;C:\Users\Mikel\.m2\repository\org\springframework\boot\spring-boot-starter\2.4.5\spring-boot-starter-2.4.5.jar;C:\Users\Mikel\.m2\repository\org\springframework\boot\spring-boot\2.4.5\spring-boot-2.4.5.jar;C:\Users\Mikel\.m2\repository\org\springframework\boot\spring-boot-autoconfigure\2.4.5\spring-boot-autoconfigure-2.4.5.jar;C:\Users\Mikel\.m2\repository\org\springframework\boot\spring-boot-starter-logging\2.4.5\spring-boot-starter-logging-2.4.5.jar;C:\Users\Mikel\.m2\repository\ch\qos\logback\logback-classic\1.2.3\logback-classic-1.2.3.jar;C:\Users\Mikel\.m2\repository\ch\qos\logback\logback-core\1.2.3\logback-core-1.2.3.jar;C:\Users\Mikel\.m2\repository\org\apache\logging\log4j\log4j-to-slf4j\2.13.3\log4j-to-slf4j-2.13.3.jar;C:\Users\Mikel\.m2\repository\org\apache\logging\log4j\log4j-api\2.13.3\log4j-api-2.13.3.jar;C:\Users\Mikel\.m2\repository\org\slf4j\jul-to-slf4j\1.7.30\jul-to-slf4j-1.7.30.jar;C:\Users\Mikel\.m2\repository\jakarta\annotation\jakarta.annotation-api\1.3.5\jakarta.annotation-api-1.3.5.jar;C:\Users\Mikel\.m2\repository\org\yaml\snakeyaml\1.27\snakeyaml-1.27.jar;C:\Users\Mikel\.m2\repository\org\springframework\boot\spring-boot-starter-json\2.4.5\spring-boot-starter-json-2.4.5.jar;C:\Users\Mikel\.m2\repository\com\fasterxml\jackson\core\jackson-databind\2.11.4\jackson-databind-2.11.4.jar;C:\Users\Mikel\.m2\repository\com\fasterxml\jackson\core\jackson-annotations\2.11.4\jackson-annotations-2.11.4.jar;C:\Users\Mikel\.m2\repository\com\fasterxml\jackson\core\jackson-core\2.11.4\jackson-core-2.11.4.jar;C:\Users\Mikel\.m2\repository\com\fasterxml\jackson\datatype\jackson-datatype-jdk8\2.11.4\jackson-datatype-jdk8-2.11.4.jar;C:\Users\Mikel\.m2\repository\com\fasterxml\jackson\datatype\jackson-datatype-jsr310\2.11.4\jackson-datatype-jsr310-2.11
Launcher Type: SUN_STANDARD

[Global flags]
     intx CICompilerCount                          = 3                                         {product} {ergonomic}
     uint ConcGCThreads                            = 1                                         {product} {ergonomic}
     uint G1ConcRefinementThreads                  = 4                                         {product} {ergonomic}
   size_t G1HeapRegionSize                         = 1048576                                   {product} {ergonomic}
    uintx GCDrainStackTargetSize                   = 64                                        {product} {ergonomic}
   size_t InitialHeapSize                          = 67108864                                  {product} {ergonomic}
     bool ManagementServer                         = true                                      {product} {command line}
   size_t MarkStackSize                            = 4194304                                   {product} {ergonomic}
   size_t MaxHeapSize                              = 1052770304                                {product} {ergonomic}
   size_t MaxNewSize                               = 631242752                                 {product} {ergonomic}
   size_t MinHeapDeltaBytes                        = 1048576                                   {product} {ergonomic}
   size_t MinHeapSize                              = 8388608                                   {product} {ergonomic}
    uintx NonNMethodCodeHeapSize                   = 6973028                                {pd product} {ergonomic}
    uintx NonProfiledCodeHeapSize                  = 244685212                              {pd product} {ergonomic}
    uintx ProfiledCodeHeapSize                     = 0                                      {pd product} {ergonomic}
    uintx ReservedCodeCacheSize                    = 251658240                              {pd product} {ergonomic}
     bool SegmentedCodeCache                       = true                                      {product} {ergonomic}
   size_t SoftMaxHeapSize                          = 1052770304                             {manageable} {ergonomic}
     intx TieredStopAtLevel                        = 1                                         {product} {command line}
     bool UseCompressedClassPointers               = true                                 {lp64_product} {ergonomic}
     bool UseCompressedOops                        = true                                 {lp64_product} {ergonomic}
     bool UseG1GC                                  = true                                      {product} {ergonomic}
     bool UseLargePagesIndividualAllocation        = false                                  {pd product} {ergonomic}

Logging:
Log output configuration:
 #0: stdout all=warning uptime,level,tags
 #1: stderr all=off uptime,level,tags

Environment Variables:
PATH=C:\Program Files (x86)\Intel\iCLS Client\;C:\Program Files\Intel\iCLS Client\;C:\Windows\system32;C:\Windows;C:\Windows\System32\Wbem;C:\Windows\System32\WindowsPowerShell\v1.0\;C:\Program Files (x86)\Intel\Intel(R) Management Engine Components\DAL;C:\Program Files\Intel\Intel(R) Management Engine Components\DAL;C:\Program Files (x86)\Intel\Intel(R) Management Engine Components\IPT;C:\Program Files\Intel\Intel(R) Management Engine Components\IPT;C:\Program Files (x86)\NVIDIA Corporation\PhysX\Common;C:\WINDOWS\system32;C:\WINDOWS;C:\WINDOWS\System32\Wbem;C:\WINDOWS\System32\WindowsPowerShell\v1.0\;C:\Program Files (x86)\QuickTime\QTSystem\;C:\Program Files (x86)\Windows Live\Shared;C:\WINDOWS\System32\OpenSSH\;C:\Go\bin;C:\Program Files\Git\cmd;C:\Program Files\PowerShell\7\;C:\Program Files\Docker\Docker\resources\bin;C:\ProgramData\DockerDesktop\version-bin;C:\Program Files\MySQL\MySQL Shell 8.0\bin\;C:\Users\Mikel\AppData\Local\Microsoft\WindowsApps;C:\Users\Mikel\go\bin;C:\Users\Mikel\AppData\Local\GitHubDesktop\bin
USERNAME=Mikel
OS=Windows_NT
PROCESSOR_IDENTIFIER=Intel64 Family 6 Model 61 Stepping 4, GenuineIntel



---------------  S Y S T E M  ---------------

OS:
 Windows 10 , 64 bit Build 19041 (10.0.19041.928)
OS uptime: 0 days 16:32 hours
HyperV virtualization detected

CPU: total 4 (initial active 4) (2 cores per cpu, 2 threads per core) family 6 model 61 stepping 4 microcode 0x2f, cmov, cx8, fxsr, mmx, sse, sse2, sse3, ssse3, sse4.1, sse4.2, popcnt, vzeroupper, avx, avx2, aes, clmul, erms, 3dnowpref, lzcnt, ht, tsc, tscinvbit, bmi1, bmi2, adx, fma, clflush

Memory: 4k page, system-wide physical 4010M (728M free)
TotalPageFile size 10210M (AvailPageFile size 15M)
current process WorkingSet (physical memory assigned to process): 115M, peak: 115M
current process commit charge ("private bytes"): 168M, peak: 181M

vm_info: OpenJDK 64-Bit Server VM (15.0.1+9-18) for windows-amd64 JRE (15.0.1+9-18), built on Sep 15 2020 14:39:31 by "mach5one" with unknown MS VC++:1925

END.
